Tetris/app/build/intermediates/manifest_merge_blame_file/debug/manifest-merger-blame-debug-report.txt
1<?xml version="1.0" encoding="utf-8"?>
2<manifest xmlns:android="http://schemas.android.com/apk/res/android"
3    package="com.lyapunov.tetris"
4    android:versionCode="1"
5    android:versionName="1.0" >
6
7    <uses-sdk
8        android:minSdkVersion="21"
8-->src\main\AndroidManifest.xml
9        android:targetSdkVersion="30" />
9-->src\main\AndroidManifest.xml
10
11    <application
11-->src\main\AndroidManifest.xml:5:5-22:19
12        android:allowBackup="true"
12-->src\main\AndroidManifest.xml:6:9-35
13        android:appComponentFactory="androidx.core.app.CoreComponentFactory"
13-->[androidx.core:core:1.3.2] AndroidManifest.xml:24:18-86
14        android:debuggable="true"
15        android:icon="@mipmap/ic_launcher"
15-->src\main\AndroidManifest.xml:7:9-43
16        android:label="@string/app_name"
16-->src\main\AndroidManifest.xml:8:9-41
17        android:roundIcon="@mipmap/ic_launcher_round"
17-->src\main\AndroidManifest.xml:9:9-54
18        android:supportsRtl="true"
18-->src\main\AndroidManifest.xml:10:9-35
19        android:testOnly="true"
20        android:theme="@style/Theme.Tetris" >
20-->src\main\AndroidManifest.xml:11:9-44
21        <activity android:name="com.lyapunov.tetris.activity.HighscoreActivity" />
21-->src\main\AndroidManifest.xml:12:9-73
21-->src\main\AndroidManifest.xml:12:19-61
22        <activity android:name="com.lyapunov.tetris.activity.SettingActivity" />
22-->src\main\AndroidManifest.xml:13:9-62
22-->src\main\AndroidManifest.xml:13:19-59
23        <activity android:name="com.lyapunov.tetris.activity.InfoActivity" />
23-->src\main\AndroidManifest.xml:14:9-59
23-->src\main\AndroidManifest.xml:14:19-56
24        <activity android:name="com.lyapunov.tetris.activity.StartActivity" >
24-->src\main\AndroidManifest.xml:15:9-20:20
24-->src\main\AndroidManifest.xml:15:19-57
25            <intent-filter>
25-->src\main\AndroidManifest.xml:16:9-19:25
26                <action android:name="android.intent.action.MAIN" />
26-->src\main\AndroidManifest.xml:17:13-65
26-->src\main\AndroidManifest.xml:17:21-62
27
28                <category android:name="android.intent.category.LAUNCHER" />
28-->src\main\AndroidManifest.xml:18:13-73
28-->src\main\AndroidManifest.xml:18:23-70
29            </intent-filter>
30        </activity>
31        <activity android:name="com.lyapunov.tetris.activity.MainActivity" />
31-->src\main\AndroidManifest.xml:21:9-58
31-->src\main\AndroidManifest.xml:21:19-56
32
33        <service
33-->[androidx.room:room-runtime:2.2.6] AndroidManifest.xml:25:9-28:40
34            android:name="androidx.room.MultiInstanceInvalidationService"
34-->[androidx.room:room-runtime:2.2.6] AndroidManifest.xml:26:13-74
35            android:directBootAware="true"
35-->[androidx.room:room-runtime:2.2.6] AndroidManifest.xml:27:13-43
36            android:exported="false" />
36-->[androidx.room:room-runtime:2.2.6] AndroidManifest.xml:28:13-37
37    </application>
38
39</manifest>